The system is: Windows - 10.0.17763 - AMD64
Compiling the C compiler identification source file "CMakeCCompilerId.c" succeeded.
Compiler: C:/Program Files (x86)/Microsoft Visual Studio/2019/Community/VC/Tools/MSVC/14.26.28801/bin/Hostx86/x86/cl.exe 
Build flags: 
Id flags:  

The output was:
0
Microsoft (R) C/C++ Optimizing Compiler Version 19.26.28805 for x86
Copyright (C) Microsoft Corporation.  All rights reserved.

CMakeCCompilerId.c
Microsoft (R) Incremental Linker Version 14.26.28805.0
Copyright (C) Microsoft Corporation.  All rights reserved.

/out:CMakeCCompilerId.exe 
CMakeCCompilerId.obj 


Compilation of the C compiler identification source "CMakeCCompilerId.c" produced "CMakeCCompilerId.exe"

Compilation of the C compiler identification source "CMakeCCompilerId.c" produced "CMakeCCompilerId.obj"

The C compiler identification is MSVC, found in "E:/data/c-code/curses/cmake-build-debug/CMakeFiles/3.16.5/CompilerIdC/CMakeCCompilerId.exe"

Determining if the C compiler works passed with the following output:
Change Dir: E:/data/c-code/curses/cmake-build-debug/CMakeFiles/CMakeTmp

Run Build Command(s):nmake /nologo cmTC_f3b00\fast && 	"C:\Program Files (x86)\Microsoft Visual Studio\2019\Community\VC\Tools\MSVC\14.26.28801\bin\HostX86\x86\nmake.exe" -f CMakeFiles\cmTC_f3b00.dir\build.make /nologo -L                  CMakeFiles\cmTC_f3b00.dir\build
Building C object CMakeFiles/cmTC_f3b00.dir/testCCompiler.c.obj
	C:\PROGRA~2\MICROS~1\2019\COMMUN~1\VC\Tools\MSVC\1426~1.288\bin\Hostx86\x86\cl.exe @C:\Users\jonoh\AppData\Local\Temp\nm45CC.tmp
testCCompiler.c
Linking C executable cmTC_f3b00.exe
	"E:\JetBrains\CLion 2020.1.1\bin\cmake\win\bin\cmake.exe" -E vs_link_exe --intdir=CMakeFiles\cmTC_f3b00.dir --rc="D:\Program Files (x86)\Windows Kits\10\bin\10.0.19041.0\x86\rc.exe" --mt="D:\Program Files (x86)\Windows Kits\10\bin\10.0.19041.0\x86\mt.exe" --manifests  -- C:\PROGRA~2\MICROS~1\2019\COMMUN~1\VC\Tools\MSVC\1426~1.288\bin\Hostx86\x86\link.exe /nologo @CMakeFiles\cmTC_f3b00.dir\objects1.rsp @C:\Users\jonoh\AppData\Local\Temp\nm4715.tmp



Detecting C compiler ABI info compiled with the following output:
Change Dir: E:/data/c-code/curses/cmake-build-debug/CMakeFiles/CMakeTmp

Run Build Command(s):nmake /nologo cmTC_ae535\fast && 	"C:\Program Files (x86)\Microsoft Visual Studio\2019\Community\VC\Tools\MSVC\14.26.28801\bin\HostX86\x86\nmake.exe" -f CMakeFiles\cmTC_ae535.dir\build.make /nologo -L                  CMakeFiles\cmTC_ae535.dir\build
Building C object CMakeFiles/cmTC_ae535.dir/CMakeCCompilerABI.c.obj
	C:\PROGRA~2\MICROS~1\2019\COMMUN~1\VC\Tools\MSVC\1426~1.288\bin\Hostx86\x86\cl.exe @C:\Users\jonoh\AppData\Local\Temp\nm4A7F.tmp
CMakeCCompilerABI.c
Linking C executable cmTC_ae535.exe
	"E:\JetBrains\CLion 2020.1.1\bin\cmake\win\bin\cmake.exe" -E vs_link_exe --intdir=CMakeFiles\cmTC_ae535.dir --rc="D:\Program Files (x86)\Windows Kits\10\bin\10.0.19041.0\x86\rc.exe" --mt="D:\Program Files (x86)\Windows Kits\10\bin\10.0.19041.0\x86\mt.exe" --manifests  -- C:\PROGRA~2\MICROS~1\2019\COMMUN~1\VC\Tools\MSVC\1426~1.288\bin\Hostx86\x86\link.exe /nologo @CMakeFiles\cmTC_ae535.dir\objects1.rsp @C:\Users\jonoh\AppData\Local\Temp\nm4ABF.tmp



